<?xml version="1.0" encoding="UTF-8"?>
<testsuite xmlns:xsi="http://www.w3.org/2001/XMLSchema-instance" xsi:noNamespaceSchemaLocation="https://maven.apache.org/surefire/maven-surefire-plugin/xsd/surefire-test-report.xsd" name="TestSuite" time="2.795" tests="3" errors="0" skipped="0" failures="3">
  <properties>
    <property name="sun.desktop" value="windows"/>
    <property name="awt.toolkit" value="sun.awt.windows.WToolkit"/>
    <property name="file.encoding.pkg" value="sun.io"/>
    <property name="java.specification.version" value="1.8"/>
    <property name="sun.cpu.isalist" value="amd64"/>
    <property name="sun.jnu.encoding" value="Cp1252"/>
    <property name="java.class.path" value="C:\Users\mayur.kumshi\Desktop\Selenium\Project2\seleniumMVN011\target\test-classes;C:\Users\mayur.kumshi\Desktop\Selenium\Project2\seleniumMVN011\target\classes;C:\Users\mayur.kumshi\.m2\repository\org\seleniumhq\selenium\selenium-chrome-driver\3.141.59\selenium-chrome-driver-3.141.59.jar;C:\Users\mayur.kumshi\.m2\repository\org\seleniumhq\selenium\selenium-api\3.141.59\selenium-api-3.141.59.jar;C:\Users\mayur.kumshi\.m2\repository\org\seleniumhq\selenium\selenium-remote-driver\3.141.59\selenium-remote-driver-3.141.59.jar;C:\Users\mayur.kumshi\.m2\repository\net\bytebuddy\byte-buddy\1.8.15\byte-buddy-1.8.15.jar;C:\Users\mayur.kumshi\.m2\repository\org\apache\commons\commons-exec\1.3\commons-exec-1.3.jar;C:\Users\mayur.kumshi\.m2\repository\com\google\guava\guava\25.0-jre\guava-25.0-jre.jar;C:\Users\mayur.kumshi\.m2\repository\com\google\code\findbugs\jsr305\1.3.9\jsr305-1.3.9.jar;C:\Users\mayur.kumshi\.m2\repository\org\checkerframework\checker-compat-qual\2.0.0\checker-compat-qual-2.0.0.jar;C:\Users\mayur.kumshi\.m2\repository\com\google\errorprone\error_prone_annotations\2.1.3\error_prone_annotations-2.1.3.jar;C:\Users\mayur.kumshi\.m2\repository\com\google\j2objc\j2objc-annotations\1.1\j2objc-annotations-1.1.jar;C:\Users\mayur.kumshi\.m2\repository\org\codehaus\mojo\animal-sniffer-annotations\1.14\animal-sniffer-annotations-1.14.jar;C:\Users\mayur.kumshi\.m2\repository\com\squareup\okhttp3\okhttp\3.11.0\okhttp-3.11.0.jar;C:\Users\mayur.kumshi\.m2\repository\com\squareup\okio\okio\1.14.0\okio-1.14.0.jar;C:\Users\mayur.kumshi\.m2\repository\org\testng\testng\6.14.3\testng-6.14.3.jar;C:\Users\mayur.kumshi\.m2\repository\com\beust\jcommander\1.72\jcommander-1.72.jar;C:\Users\mayur.kumshi\.m2\repository\org\apache-extras\beanshell\bsh\2.0b6\bsh-2.0b6.jar;C:\Users\mayur.kumshi\.m2\repository\org\seleniumhq\selenium\selenium-java\2.5.0\selenium-java-2.5.0.jar;C:\Users\mayur.kumshi\.m2\repository\org\seleniumhq\selenium\selenium-android-driver\2.5.0\selenium-android-driver-2.5.0.jar;C:\Users\mayur.kumshi\.m2\repository\org\seleniumhq\selenium\selenium-htmlunit-driver\2.5.0\selenium-htmlunit-driver-2.5.0.jar;C:\Users\mayur.kumshi\.m2\repository\net\sourceforge\htmlunit\htmlunit\2.9\htmlunit-2.9.jar;C:\Users\mayur.kumshi\.m2\repository\xalan\xalan\2.7.1\xalan-2.7.1.jar;C:\Users\mayur.kumshi\.m2\repository\xalan\serializer\2.7.1\serializer-2.7.1.jar;C:\Users\mayur.kumshi\.m2\repository\commons-collections\commons-collections\3.2.1\commons-collections-3.2.1.jar;C:\Users\mayur.kumshi\.m2\repository\commons-lang\commons-lang\2.6\commons-lang-2.6.jar;C:\Users\mayur.kumshi\.m2\repository\org\apache\httpcomponents\httpmime\4.1.2\httpmime-4.1.2.jar;C:\Users\mayur.kumshi\.m2\repository\net\sourceforge\htmlunit\htmlunit-core-js\2.9\htmlunit-core-js-2.9.jar;C:\Users\mayur.kumshi\.m2\repository\xerces\xercesImpl\2.9.1\xercesImpl-2.9.1.jar;C:\Users\mayur.kumshi\.m2\repository\xml-apis\xml-apis\1.3.04\xml-apis-1.3.04.jar;C:\Users\mayur.kumshi\.m2\repository\net\sourceforge\nekohtml\nekohtml\1.9.15\nekohtml-1.9.15.jar;C:\Users\mayur.kumshi\.m2\repository\net\sourceforge\cssparser\cssparser\0.9.5\cssparser-0.9.5.jar;C:\Users\mayur.kumshi\.m2\repository\org\w3c\css\sac\1.3\sac-1.3.jar;C:\Users\mayur.kumshi\.m2\repository\org\seleniumhq\selenium\selenium-firefox-driver\2.5.0\selenium-firefox-driver-2.5.0.jar;C:\Users\mayur.kumshi\.m2\repository\org\seleniumhq\selenium\selenium-ie-driver\2.5.0\selenium-ie-driver-2.5.0.jar;C:\Users\mayur.kumshi\.m2\repository\net\java\dev\jna\jna\3.3.0\jna-3.3.0.jar;C:\Users\mayur.kumshi\.m2\repository\org\seleniumhq\selenium\selenium-iphone-driver\2.5.0\selenium-iphone-driver-2.5.0.jar;C:\Users\mayur.kumshi\.m2\repository\org\seleniumhq\selenium\selenium-support\2.5.0\selenium-support-2.5.0.jar;C:\Users\mayur.kumshi\.m2\repository\io\github\bonigarcia\webdrivermanager\3.0.0\webdrivermanager-3.0.0.jar;C:\Users\mayur.kumshi\.m2\repository\org\slf4j\slf4j-api\1.7.25\slf4j-api-1.7.25.jar;C:\Users\mayur.kumshi\.m2\repository\commons-io\commons-io\2.6\commons-io-2.6.jar;C:\Users\mayur.kumshi\.m2\repository\com\google\code\gson\gson\2.8.5\gson-2.8.5.jar;C:\Users\mayur.kumshi\.m2\repository\org\apache\commons\commons-lang3\3.7\commons-lang3-3.7.jar;C:\Users\mayur.kumshi\.m2\repository\org\apache\httpcomponents\httpclient\4.5.5\httpclient-4.5.5.jar;C:\Users\mayur.kumshi\.m2\repository\org\apache\httpcomponents\httpcore\4.4.9\httpcore-4.4.9.jar;C:\Users\mayur.kumshi\.m2\repository\commons-logging\commons-logging\1.2\commons-logging-1.2.jar;C:\Users\mayur.kumshi\.m2\repository\commons-codec\commons-codec\1.10\commons-codec-1.10.jar;C:\Users\mayur.kumshi\.m2\repository\org\rauschig\jarchivelib\0.8.0\jarchivelib-0.8.0.jar;C:\Users\mayur.kumshi\.m2\repository\org\apache\commons\commons-compress\1.14\commons-compress-1.14.jar;C:\Users\mayur.kumshi\.m2\repository\org\jsoup\jsoup\1.11.3\jsoup-1.11.3.jar;C:\Users\mayur.kumshi\.m2\repository\org\apache\maven\surefire\surefire-testng-utils\2.21.0\surefire-testng-utils-2.21.0.jar;C:\Users\mayur.kumshi\.m2\repository\org\apache\maven\surefire\surefire-grouper\2.21.0\surefire-grouper-2.21.0.jar;"/>
    <property name="java.vm.vendor" value="Oracle Corporation"/>
    <property name="sun.arch.data.model" value="64"/>
    <property name="user.variant" value=""/>
    <property name="java.vendor.url" value="http://java.oracle.com/"/>
    <property name="user.timezone" value=""/>
    <property name="java.vm.specification.version" value="1.8"/>
    <property name="os.name" value="Windows 10"/>
    <property name="user.country" value="US"/>
    <property name="sun.java.launcher" value="SUN_STANDARD"/>
    <property name="sun.boot.library.path" value="C:\Program Files\Java\jdk1.8.0_201\jre\bin"/>
    <property name="sun.java.command" value="C:\Users\MAYUR~1.KUM\AppData\Local\Temp\surefire9194213089584576720\surefirebooter5855235320405167624.jar C:\Users\mayur.kumshi\AppData\Local\Temp\surefire9194213089584576720 2019-07-31T14-59-40_770-jvmRun1 surefire6998562253876293413tmp surefire_07341663931344866528tmp"/>
    <property name="surefire.test.class.path" value="C:\Users\mayur.kumshi\Desktop\Selenium\Project2\seleniumMVN011\target\test-classes;C:\Users\mayur.kumshi\Desktop\Selenium\Project2\seleniumMVN011\target\classes;C:\Users\mayur.kumshi\.m2\repository\org\seleniumhq\selenium\selenium-chrome-driver\3.141.59\selenium-chrome-driver-3.141.59.jar;C:\Users\mayur.kumshi\.m2\repository\org\seleniumhq\selenium\selenium-api\3.141.59\selenium-api-3.141.59.jar;C:\Users\mayur.kumshi\.m2\repository\org\seleniumhq\selenium\selenium-remote-driver\3.141.59\selenium-remote-driver-3.141.59.jar;C:\Users\mayur.kumshi\.m2\repository\net\bytebuddy\byte-buddy\1.8.15\byte-buddy-1.8.15.jar;C:\Users\mayur.kumshi\.m2\repository\org\apache\commons\commons-exec\1.3\commons-exec-1.3.jar;C:\Users\mayur.kumshi\.m2\repository\com\google\guava\guava\25.0-jre\guava-25.0-jre.jar;C:\Users\mayur.kumshi\.m2\repository\com\google\code\findbugs\jsr305\1.3.9\jsr305-1.3.9.jar;C:\Users\mayur.kumshi\.m2\repository\org\checkerframework\checker-compat-qual\2.0.0\checker-compat-qual-2.0.0.jar;C:\Users\mayur.kumshi\.m2\repository\com\google\errorprone\error_prone_annotations\2.1.3\error_prone_annotations-2.1.3.jar;C:\Users\mayur.kumshi\.m2\repository\com\google\j2objc\j2objc-annotations\1.1\j2objc-annotations-1.1.jar;C:\Users\mayur.kumshi\.m2\repository\org\codehaus\mojo\animal-sniffer-annotations\1.14\animal-sniffer-annotations-1.14.jar;C:\Users\mayur.kumshi\.m2\repository\com\squareup\okhttp3\okhttp\3.11.0\okhttp-3.11.0.jar;C:\Users\mayur.kumshi\.m2\repository\com\squareup\okio\okio\1.14.0\okio-1.14.0.jar;C:\Users\mayur.kumshi\.m2\repository\org\testng\testng\6.14.3\testng-6.14.3.jar;C:\Users\mayur.kumshi\.m2\repository\com\beust\jcommander\1.72\jcommander-1.72.jar;C:\Users\mayur.kumshi\.m2\repository\org\apache-extras\beanshell\bsh\2.0b6\bsh-2.0b6.jar;C:\Users\mayur.kumshi\.m2\repository\org\seleniumhq\selenium\selenium-java\2.5.0\selenium-java-2.5.0.jar;C:\Users\mayur.kumshi\.m2\repository\org\seleniumhq\selenium\selenium-android-driver\2.5.0\selenium-android-driver-2.5.0.jar;C:\Users\mayur.kumshi\.m2\repository\org\seleniumhq\selenium\selenium-htmlunit-driver\2.5.0\selenium-htmlunit-driver-2.5.0.jar;C:\Users\mayur.kumshi\.m2\repository\net\sourceforge\htmlunit\htmlunit\2.9\htmlunit-2.9.jar;C:\Users\mayur.kumshi\.m2\repository\xalan\xalan\2.7.1\xalan-2.7.1.jar;C:\Users\mayur.kumshi\.m2\repository\xalan\serializer\2.7.1\serializer-2.7.1.jar;C:\Users\mayur.kumshi\.m2\repository\commons-collections\commons-collections\3.2.1\commons-collections-3.2.1.jar;C:\Users\mayur.kumshi\.m2\repository\commons-lang\commons-lang\2.6\commons-lang-2.6.jar;C:\Users\mayur.kumshi\.m2\repository\org\apache\httpcomponents\httpmime\4.1.2\httpmime-4.1.2.jar;C:\Users\mayur.kumshi\.m2\repository\net\sourceforge\htmlunit\htmlunit-core-js\2.9\htmlunit-core-js-2.9.jar;C:\Users\mayur.kumshi\.m2\repository\xerces\xercesImpl\2.9.1\xercesImpl-2.9.1.jar;C:\Users\mayur.kumshi\.m2\repository\xml-apis\xml-apis\1.3.04\xml-apis-1.3.04.jar;C:\Users\mayur.kumshi\.m2\repository\net\sourceforge\nekohtml\nekohtml\1.9.15\nekohtml-1.9.15.jar;C:\Users\mayur.kumshi\.m2\repository\net\sourceforge\cssparser\cssparser\0.9.5\cssparser-0.9.5.jar;C:\Users\mayur.kumshi\.m2\repository\org\w3c\css\sac\1.3\sac-1.3.jar;C:\Users\mayur.kumshi\.m2\repository\org\seleniumhq\selenium\selenium-firefox-driver\2.5.0\selenium-firefox-driver-2.5.0.jar;C:\Users\mayur.kumshi\.m2\repository\org\seleniumhq\selenium\selenium-ie-driver\2.5.0\selenium-ie-driver-2.5.0.jar;C:\Users\mayur.kumshi\.m2\repository\net\java\dev\jna\jna\3.3.0\jna-3.3.0.jar;C:\Users\mayur.kumshi\.m2\repository\org\seleniumhq\selenium\selenium-iphone-driver\2.5.0\selenium-iphone-driver-2.5.0.jar;C:\Users\mayur.kumshi\.m2\repository\org\seleniumhq\selenium\selenium-support\2.5.0\selenium-support-2.5.0.jar;C:\Users\mayur.kumshi\.m2\repository\io\github\bonigarcia\webdrivermanager\3.0.0\webdrivermanager-3.0.0.jar;C:\Users\mayur.kumshi\.m2\repository\org\slf4j\slf4j-api\1.7.25\slf4j-api-1.7.25.jar;C:\Users\mayur.kumshi\.m2\repository\commons-io\commons-io\2.6\commons-io-2.6.jar;C:\Users\mayur.kumshi\.m2\repository\com\google\code\gson\gson\2.8.5\gson-2.8.5.jar;C:\Users\mayur.kumshi\.m2\repository\org\apache\commons\commons-lang3\3.7\commons-lang3-3.7.jar;C:\Users\mayur.kumshi\.m2\repository\org\apache\httpcomponents\httpclient\4.5.5\httpclient-4.5.5.jar;C:\Users\mayur.kumshi\.m2\repository\org\apache\httpcomponents\httpcore\4.4.9\httpcore-4.4.9.jar;C:\Users\mayur.kumshi\.m2\repository\commons-logging\commons-logging\1.2\commons-logging-1.2.jar;C:\Users\mayur.kumshi\.m2\repository\commons-codec\commons-codec\1.10\commons-codec-1.10.jar;C:\Users\mayur.kumshi\.m2\repository\org\rauschig\jarchivelib\0.8.0\jarchivelib-0.8.0.jar;C:\Users\mayur.kumshi\.m2\repository\org\apache\commons\commons-compress\1.14\commons-compress-1.14.jar;C:\Users\mayur.kumshi\.m2\repository\org\jsoup\jsoup\1.11.3\jsoup-1.11.3.jar;C:\Users\mayur.kumshi\.m2\repository\org\apache\maven\surefire\surefire-testng-utils\2.21.0\surefire-testng-utils-2.21.0.jar;C:\Users\mayur.kumshi\.m2\repository\org\apache\maven\surefire\surefire-grouper\2.21.0\surefire-grouper-2.21.0.jar;"/>
    <property name="sun.cpu.endian" value="little"/>
    <property name="user.home" value="C:\Users\mayur.kumshi"/>
    <property name="user.language" value="en"/>
    <property name="java.specification.vendor" value="Oracle Corporation"/>
    <property name="java.home" value="C:\Program Files\Java\jdk1.8.0_201\jre"/>
    <property name="basedir" value="C:\Users\mayur.kumshi\Desktop\Selenium\Project2\seleniumMVN011"/>
    <property name="file.separator" value="\"/>
    <property name="line.separator" value="&#10;"/>
    <property name="java.vm.specification.vendor" value="Oracle Corporation"/>
    <property name="java.specification.name" value="Java Platform API Specification"/>
    <property name="java.awt.graphicsenv" value="sun.awt.Win32GraphicsEnvironment"/>
    <property name="surefire.real.class.path" value="C:\Users\MAYUR~1.KUM\AppData\Local\Temp\surefire9194213089584576720\surefirebooter5855235320405167624.jar"/>
    <property name="sun.boot.class.path" value="C:\Program Files\Java\jdk1.8.0_201\jre\lib\resources.jar;C:\Program Files\Java\jdk1.8.0_201\jre\lib\rt.jar;C:\Program Files\Java\jdk1.8.0_201\jre\lib\sunrsasign.jar;C:\Program Files\Java\jdk1.8.0_201\jre\lib\jsse.jar;C:\Program Files\Java\jdk1.8.0_201\jre\lib\jce.jar;C:\Program Files\Java\jdk1.8.0_201\jre\lib\charsets.jar;C:\Program Files\Java\jdk1.8.0_201\jre\lib\jfr.jar;C:\Program Files\Java\jdk1.8.0_201\jre\classes"/>
    <property name="user.script" value=""/>
    <property name="sun.management.compiler" value="HotSpot 64-Bit Tiered Compilers"/>
    <property name="java.runtime.version" value="1.8.0_201-b09"/>
    <property name="user.name" value="mayur.kumshi"/>
    <property name="path.separator" value=";"/>
    <property name="os.version" value="10.0"/>
    <property name="java.endorsed.dirs" value="C:\Program Files\Java\jdk1.8.0_201\jre\lib\endorsed"/>
    <property name="java.runtime.name" value="Java(TM) SE Runtime Environment"/>
    <property name="file.encoding" value="Cp1252"/>
    <property name="java.vm.name" value="Java HotSpot(TM) 64-Bit Server VM"/>
    <property name="localRepository" value="C:\Users\mayur.kumshi\.m2\repository"/>
    <property name="java.vendor.url.bug" value="http://bugreport.sun.com/bugreport/"/>
    <property name="java.io.tmpdir" value="C:\Users\MAYUR~1.KUM\AppData\Local\Temp\"/>
    <property name="java.version" value="1.8.0_201"/>
    <property name="user.dir" value="C:\Users\mayur.kumshi\Desktop\Selenium\Project2\seleniumMVN011"/>
    <property name="os.arch" value="amd64"/>
    <property name="java.vm.specification.name" value="Java Virtual Machine Specification"/>
    <property name="java.awt.printerjob" value="sun.awt.windows.WPrinterJob"/>
    <property name="sun.os.patch.level" value=""/>
    <property name="java.library.path" value="C:\Program Files\Java\jdk1.8.0_201\jre\bin;C:\WINDOWS\Sun\Java\bin;C:\WINDOWS\system32;C:\WINDOWS;C:\Program Files (x86)\Common Files\Oracle\Java\javapath;C:\WINDOWS\system32;C:\WINDOWS;C:\WINDOWS\System32\Wbem;C:\WINDOWS\System32\WindowsPowerShell\v1.0\;C:\WINDOWS\System32\OpenSSH\;C:\Program Files\TortoiseSVN\bin;C:\Users\mayur.kumshi\Desktop\Selenium\apache-maven-3.6.0-bin\apache-maven-3.6.0\bin;C:\Program Files\Java\jdk1.8.0_201\bin;C:\E\Softwares\Git\Git\cmd;C:\Users\mayur.kumshi\AppData\Local\Programs\Python\Python37-32\Scripts\;C:\Users\mayur.kumshi\AppData\Local\Programs\Python\Python37-32\;C:\Users\mayur.kumshi\AppData\Local\Microsoft\WindowsApps;;."/>
    <property name="java.vm.info" value="mixed mode"/>
    <property name="java.vendor" value="Oracle Corporation"/>
    <property name="java.vm.version" value="25.201-b09"/>
    <property name="java.ext.dirs" value="C:\Program Files\Java\jdk1.8.0_201\jre\lib\ext;C:\WINDOWS\Sun\Java\lib\ext"/>
    <property name="sun.io.unicode.encoding" value="UnicodeLittle"/>
    <property name="java.class.version" value="52.0"/>
  </properties>
  <testcase name="init" classname="comproject.selenium.seleniumMVN011.TestNGArrayList" time="0.071">
    <failure message="The driver executable does not exist: C:\Users\mayur.kumshi\Desktop\Selenium\Project2\seleniumMVN011\chromedriver.exe" type="java.lang.IllegalStateException">java.lang.IllegalStateException: The driver executable does not exist: C:\Users\mayur.kumshi\Desktop\Selenium\Project2\seleniumMVN011\chromedriver.exe
	at comproject.selenium.seleniumMVN011.TestNGArrayList.init(TestNGArrayList.java:29)
</failure>
  </testcase>
  <testcase name="search" classname="comproject.selenium.seleniumMVN011.TestNGArrayList" time="0.001">
    <failure type="java.lang.NullPointerException">java.lang.NullPointerException
	at comproject.selenium.seleniumMVN011.TestNGArrayList.search(TestNGArrayList.java:57)
</failure>
  </testcase>
  <testcase name="LoginCheck" classname="comproject.selenium.seleniumMVN011.TestNGProgramDemo1" time="2.079">
    <failure message="The driver executable does not exist: C:\var\lib\jenkins\tools\chromedriver" type="java.lang.IllegalStateException">java.lang.IllegalStateException: The driver executable does not exist: C:\var\lib\jenkins\tools\chromedriver
	at comproject.selenium.seleniumMVN011.TestNGProgramDemo1.LoginCheck(TestNGProgramDemo1.java:23)
</failure>
    <system-err><![CDATA[SLF4J: Failed to load class "org.slf4j.impl.StaticLoggerBinder".
SLF4J: Defaulting to no-operation (NOP) logger implementation
SLF4J: See http://www.slf4j.org/codes.html#StaticLoggerBinder for further details.
]]></system-err>
  </testcase>
</testsuite>