<?xml version="1.0" encoding="UTF-8"?>
<!-- Generated by org.testng.reporters.JUnitReportReporter -->
<testsuite skipped="0" hostname="IN-IT1483" name="comproject.selenium.seleniumMVN011.DifferentBrowsers" tests="3" failures="0" timestamp="29 Jul 2019 06:10:51 GMT" time="22.741" errors="0">
  <testcase name="OpenIE" time="2.367" classname="comproject.selenium.seleniumMVN011.DifferentBrowsers"/>
  <testcase name="OpenFirefox" time="6.395" classname="comproject.selenium.seleniumMVN011.DifferentBrowsers"/>
  <testcase name="OpenChrome" time="13.979" classname="comproject.selenium.seleniumMVN011.DifferentBrowsers"/>
</testsuite> <!-- comproject.selenium.seleniumMVN011.DifferentBrowsers -->
