<?xml version="1.0" encoding="UTF-8"?>
<!-- Generated by org.testng.reporters.JUnitReportReporter -->
<testsuite skipped="0" hostname="IN-IT1483" name="comproject.selenium.seleniumMVN011.ChromeOptionsDemo" tests="1" failures="0" timestamp="29 Jul 2019 10:19:57 GMT" time="31.668" errors="0">
  <testcase name="ChromeoptionsUse" time="31.668" classname="comproject.selenium.seleniumMVN011.ChromeOptionsDemo"/>
</testsuite> <!-- comproject.selenium.seleniumMVN011.ChromeOptionsDemo -->
