<?xml version="1.0" encoding="UTF-8"?>
<!-- Generated by org.testng.reporters.JUnitReportReporter -->
<testsuite skipped="0" hostname="IN-IT1483" name="comproject.selenium.seleniumMVN011.Screenshot" tests="2" failures="0" timestamp="29 Jul 2019 07:13:44 GMT" time="20.689" errors="0">
  <testcase name="OpenFirefox" time="6.309" classname="comproject.selenium.seleniumMVN011.Screenshot"/>
  <testcase name="OpenChrome" time="14.380" classname="comproject.selenium.seleniumMVN011.Screenshot"/>
</testsuite> <!-- comproject.selenium.seleniumMVN011.Screenshot -->
