<?xml version="1.0" encoding="UTF-8"?>
<!-- Generated by org.testng.reporters.JUnitReportReporter -->
<testsuite skipped="0" hostname="IN-IT1483" name="comproject.selenium.seleniumMVN011.TestNGPriority" tests="4" failures="0" timestamp="26 Jul 2019 06:08:06 GMT" time="0.010" errors="0">
  <testcase name="B1" time="0.001" classname="comproject.selenium.seleniumMVN011.TestNGPriority"/>
  <testcase name="B" time="0.008" classname="comproject.selenium.seleniumMVN011.TestNGPriority"/>
  <testcase name="A" time="0.000" classname="comproject.selenium.seleniumMVN011.TestNGPriority"/>
  <testcase name="D" time="0.001" classname="comproject.selenium.seleniumMVN011.TestNGPriority"/>
</testsuite> <!-- comproject.selenium.seleniumMVN011.TestNGPriority -->
