<?xml version="1.0" encoding="UTF-8"?>
<!-- Generated by org.testng.reporters.JUnitReportReporter -->
<testsuite skipped="0" hostname="IN-IT1483" name="comproject.selenium.seleniumMVN011.TestNGArrayList" tests="2" failures="0" timestamp="30 Jul 2019 12:00:42 GMT" time="9.281" errors="0">
  <testcase name="search" time="0.060" classname="comproject.selenium.seleniumMVN011.TestNGArrayList"/>
  <testcase name="init" time="9.221" classname="comproject.selenium.seleniumMVN011.TestNGArrayList"/>
</testsuite> <!-- comproject.selenium.seleniumMVN011.TestNGArrayList -->
