<?xml version="1.0" encoding="UTF-8"?>
<!-- Generated by org.testng.reporters.JUnitReportReporter -->
<testsuite skipped="0" hostname="IN-IT1483" name="comproject.selenium.seleniumMVN011.TestNGProgramDemo1" tests="1" failures="0" timestamp="19 Jul 2019 10:55:16 GMT" time="20.355" errors="0">
  <testcase name="LoginCheck" time="20.355" classname="comproject.selenium.seleniumMVN011.TestNGProgramDemo1"/>
</testsuite> <!-- comproject.selenium.seleniumMVN011.TestNGProgramDemo1 -->
